24-04-11 16:16:01.343 :   task: lft_psnr
  model: plain
  gpu_ids: [0]
  scale: 4
  n_channels: 3
  sigma: [0, 50]
  sigma_test: 15
  merge_bn: False
  merge_bn_startpoint: 400000
  path:[
    root: superresolution
    pretrained_netG: None
    pretrained_netD: None
    pretrained_netE: None
    task: superresolution/lft_psnr
    log: superresolution/lft_psnr
    options: superresolution/lft_psnr/options
    models: superresolution/lft_psnr/models
    images: superresolution/lft_psnr/images
    pretrained_optimizerG: None
  ]
  datasets:[
    train:[
      name: train_dataset
      dataset_type: sr-lf
      dataroot_H: /home/ozkan/works/diff-smoe/LFT/data_for_train/SR_5x5_4x/Stanford_Gantry
      dataroot_L: None
      H_size: 660
      dataloader_shuffle: True
      dataloader_num_workers: 8
      dataloader_batch_size: 2
      phw: 32
      stride: 2
      phase: train
      scale: 4
      n_channels: 3
    ]
    test:[
      name: test_dataset
      dataset_type: sr-lf
      dataroot_H: /home/ozkan/works/diff-smoe/LFT/data_for_test/SR_5x5_4x
      dataroot_L: None
      H_size: 660
      dataloader_num_workers: 8
      dataloader_batch_size: 1
      phw: 32
      stride: 2
      phase: test
      scale: 4
      n_channels: 3
    ]
  ]
  netG:[
    net_type: lft_gan
    angRes: 5
    scale_factor: 4
    channels: 64
    init_type: xavier_uniform
    init_bn_type: uniform
    init_gain: 0.2
    scale: 4
  ]
  train:[
    G_lossfn_type: l1
    G_lossfn_weight: 1.0
    E_decay: 0.999
    G_optimizer_type: adam
    G_optimizer_lr: 0.0001
    G_optimizer_wd: 0
    G_optimizer_clipgrad: None
    G_optimizer_reuse: False
    G_scheduler_type: MultiStepLR
    G_scheduler_milestones: [200000, 400000, 600000, 800000, 1000000, 2000000]
    G_scheduler_gamma: 0.5
    G_regularizer_orthstep: None
    G_regularizer_clipstep: None
    G_param_strict: True
    E_param_strict: True
    checkpoint_test: 5000
    checkpoint_save: 5000
    checkpoint_print: 200
    F_feature_layer: 34
    F_weights: 1.0
    F_lossfn_type: l1
    F_use_input_norm: True
    F_use_range_norm: False
    G_optimizer_betas: [0.9, 0.999]
    G_scheduler_restart_weights: 1
  ]
  opt_path: options/train_lft_psnr.json
  is_train: True
  find_unused_parameters: True
  use_static_graph: False
  dist: False
  num_gpu: 1
  rank: 0
  world_size: 1

24-04-11 16:16:01.395 : Number of train images: 165, iters: 83
24-04-11 16:16:02.019 : 
Networks name: get_model
Params number: 1163392
Net structure:
get_model(
  (pos_encoding): PositionEncoding()
  (conv_init0): Sequential(
    (0): Conv3d(1, 64, kernel_size=(1, 3, 3), stride=(1, 1, 1), padding=(0, 1, 1), bias=False)
  )
  (conv_init): Sequential(
    (0): Conv3d(64, 64, kernel_size=(1, 3, 3), stride=(1, 1, 1), padding=(0, 1, 1), bias=False)
    (1): LeakyReLU(negative_slope=0.2, inplace=True)
    (2): Conv3d(64, 64, kernel_size=(1, 3, 3), stride=(1, 1, 1), padding=(0, 1, 1), bias=False)
    (3): LeakyReLU(negative_slope=0.2, inplace=True)
    (4): Conv3d(64, 64, kernel_size=(1, 3, 3), stride=(1, 1, 1), padding=(0, 1, 1), bias=False)
    (5): LeakyReLU(negative_slope=0.2, inplace=True)
  )
  (altblock): Sequential(
    (0): AltFilter(
      (spa_trans): SpaTrans(
        (MLP): Linear(in_features=576, out_features=128, bias=False)
        (norm): LayerNorm((128,), eps=1e-05, elementwise_affine=True)
        (attention): MultiheadAttention(
          (out_proj): NonDynamicallyQuantizableLinear(in_features=128, out_features=128, bias=False)
        )
        (feed_forward): Sequential(
          (0): LayerNorm((128,), eps=1e-05, elementwise_affine=True)
          (1): Linear(in_features=128, out_features=256, bias=False)
          (2): ReLU(inplace=True)
          (3): Dropout(p=0.0, inplace=False)
          (4): Linear(in_features=256, out_features=128, bias=False)
          (5): Dropout(p=0.0, inplace=False)
        )
        (linear): Sequential(
          (0): Conv3d(128, 64, kernel_size=(1, 1, 1), stride=(1, 1, 1), bias=False)
        )
      )
      (ang_trans): AngTrans(
        (norm): LayerNorm((64,), eps=1e-05, elementwise_affine=True)
        (attention): MultiheadAttention(
          (out_proj): NonDynamicallyQuantizableLinear(in_features=64, out_features=64, bias=False)
        )
        (feed_forward): Sequential(
          (0): LayerNorm((64,), eps=1e-05, elementwise_affine=True)
          (1): Linear(in_features=64, out_features=128, bias=False)
          (2): ReLU(inplace=True)
          (3): Dropout(p=0.0, inplace=False)
          (4): Linear(in_features=128, out_features=64, bias=False)
          (5): Dropout(p=0.0, inplace=False)
        )
      )
    )
    (1): AltFilter(
      (spa_trans): SpaTrans(
        (MLP): Linear(in_features=576, out_features=128, bias=False)
        (norm): LayerNorm((128,), eps=1e-05, elementwise_affine=True)
        (attention): MultiheadAttention(
          (out_proj): NonDynamicallyQuantizableLinear(in_features=128, out_features=128, bias=False)
        )
        (feed_forward): Sequential(
          (0): LayerNorm((128,), eps=1e-05, elementwise_affine=True)
          (1): Linear(in_features=128, out_features=256, bias=False)
          (2): ReLU(inplace=True)
          (3): Dropout(p=0.0, inplace=False)
          (4): Linear(in_features=256, out_features=128, bias=False)
          (5): Dropout(p=0.0, inplace=False)
        )
        (linear): Sequential(
          (0): Conv3d(128, 64, kernel_size=(1, 1, 1), stride=(1, 1, 1), bias=False)
        )
      )
      (ang_trans): AngTrans(
        (norm): LayerNorm((64,), eps=1e-05, elementwise_affine=True)
        (attention): MultiheadAttention(
          (out_proj): NonDynamicallyQuantizableLinear(in_features=64, out_features=64, bias=False)
        )
        (feed_forward): Sequential(
          (0): LayerNorm((64,), eps=1e-05, elementwise_affine=True)
          (1): Linear(in_features=64, out_features=128, bias=False)
          (2): ReLU(inplace=True)
          (3): Dropout(p=0.0, inplace=False)
          (4): Linear(in_features=128, out_features=64, bias=False)
          (5): Dropout(p=0.0, inplace=False)
        )
      )
    )
    (2): AltFilter(
      (spa_trans): SpaTrans(
        (MLP): Linear(in_features=576, out_features=128, bias=False)
        (norm): LayerNorm((128,), eps=1e-05, elementwise_affine=True)
        (attention): MultiheadAttention(
          (out_proj): NonDynamicallyQuantizableLinear(in_features=128, out_features=128, bias=False)
        )
        (feed_forward): Sequential(
          (0): LayerNorm((128,), eps=1e-05, elementwise_affine=True)
          (1): Linear(in_features=128, out_features=256, bias=False)
          (2): ReLU(inplace=True)
          (3): Dropout(p=0.0, inplace=False)
          (4): Linear(in_features=256, out_features=128, bias=False)
          (5): Dropout(p=0.0, inplace=False)
        )
        (linear): Sequential(
          (0): Conv3d(128, 64, kernel_size=(1, 1, 1), stride=(1, 1, 1), bias=False)
        )
      )
      (ang_trans): AngTrans(
        (norm): LayerNorm((64,), eps=1e-05, elementwise_affine=True)
        (attention): MultiheadAttention(
          (out_proj): NonDynamicallyQuantizableLinear(in_features=64, out_features=64, bias=False)
        )
        (feed_forward): Sequential(
          (0): LayerNorm((64,), eps=1e-05, elementwise_affine=True)
          (1): Linear(in_features=64, out_features=128, bias=False)
          (2): ReLU(inplace=True)
          (3): Dropout(p=0.0, inplace=False)
          (4): Linear(in_features=128, out_features=64, bias=False)
          (5): Dropout(p=0.0, inplace=False)
        )
      )
    )
    (3): AltFilter(
      (spa_trans): SpaTrans(
        (MLP): Linear(in_features=576, out_features=128, bias=False)
        (norm): LayerNorm((128,), eps=1e-05, elementwise_affine=True)
        (attention): MultiheadAttention(
          (out_proj): NonDynamicallyQuantizableLinear(in_features=128, out_features=128, bias=False)
        )
        (feed_forward): Sequential(
          (0): LayerNorm((128,), eps=1e-05, elementwise_affine=True)
          (1): Linear(in_features=128, out_features=256, bias=False)
          (2): ReLU(inplace=True)
          (3): Dropout(p=0.0, inplace=False)
          (4): Linear(in_features=256, out_features=128, bias=False)
          (5): Dropout(p=0.0, inplace=False)
        )
        (linear): Sequential(
          (0): Conv3d(128, 64, kernel_size=(1, 1, 1), stride=(1, 1, 1), bias=False)
        )
      )
      (ang_trans): AngTrans(
        (norm): LayerNorm((64,), eps=1e-05, elementwise_affine=True)
        (attention): MultiheadAttention(
          (out_proj): NonDynamicallyQuantizableLinear(in_features=64, out_features=64, bias=False)
        )
        (feed_forward): Sequential(
          (0): LayerNorm((64,), eps=1e-05, elementwise_affine=True)
          (1): Linear(in_features=64, out_features=128, bias=False)
          (2): ReLU(inplace=True)
          (3): Dropout(p=0.0, inplace=False)
          (4): Linear(in_features=128, out_features=64, bias=False)
          (5): Dropout(p=0.0, inplace=False)
        )
      )
    )
  )
  (upsampling): Sequential(
    (0): Conv2d(64, 1024, kernel_size=(1, 1), stride=(1, 1), bias=False)
    (1): PixelShuffle(upscale_factor=4)
    (2): LeakyReLU(negative_slope=0.2)
    (3): Conv2d(64, 1, kernel_size=(3, 3), stride=(1, 1), padding=(1, 1), bias=False)
  )
)

24-04-11 16:16:02.077 : 
 |  mean  |  min   |  max   |  std   || shape               
 |  0.001 | -0.020 |  0.020 |  0.012 | torch.Size([64, 1, 1, 3, 3]) || conv_init0.0.weight
 | -0.000 | -0.014 |  0.014 |  0.008 | torch.Size([64, 64, 1, 3, 3]) || conv_init.0.weight
 | -0.000 | -0.014 |  0.014 |  0.008 | torch.Size([64, 64, 1, 3, 3]) || conv_init.2.weight
 | -0.000 | -0.014 |  0.014 |  0.008 | torch.Size([64, 64, 1, 3, 3]) || conv_init.4.weight
 | -0.000 | -0.018 |  0.018 |  0.011 | torch.Size([128, 576]) || altblock.0.spa_trans.MLP.weight
 |  1.000 |  1.000 |  1.000 |  0.000 | torch.Size([128]) || altblock.0.spa_trans.norm.weight
 |  0.000 |  0.000 |  0.000 |  0.000 | torch.Size([128]) || altblock.0.spa_trans.norm.bias
 |  0.000 | -0.088 |  0.088 |  0.051 | torch.Size([384, 128]) || altblock.0.spa_trans.attention.in_proj_weight
 |  0.000 | -0.031 |  0.031 |  0.018 | torch.Size([128, 128]) || altblock.0.spa_trans.attention.out_proj.weight
 |  1.000 |  1.000 |  1.000 |  0.000 | torch.Size([128]) || altblock.0.spa_trans.feed_forward.0.weight
 |  0.000 |  0.000 |  0.000 |  0.000 | torch.Size([128]) || altblock.0.spa_trans.feed_forward.0.bias
 |  0.000 | -0.025 |  0.025 |  0.014 | torch.Size([256, 128]) || altblock.0.spa_trans.feed_forward.1.weight
 |  0.000 | -0.025 |  0.025 |  0.014 | torch.Size([128, 256]) || altblock.0.spa_trans.feed_forward.4.weight
 | -0.000 | -0.035 |  0.035 |  0.021 | torch.Size([64, 128, 1, 1, 1]) || altblock.0.spa_trans.linear.0.weight
 |  1.000 |  1.000 |  1.000 |  0.000 | torch.Size([64]) || altblock.0.ang_trans.norm.weight
 |  0.000 |  0.000 |  0.000 |  0.000 | torch.Size([64]) || altblock.0.ang_trans.norm.bias
 |  0.001 | -0.125 |  0.125 |  0.072 | torch.Size([192, 64]) || altblock.0.ang_trans.attention.in_proj_weight
 |  0.001 | -0.043 |  0.043 |  0.025 | torch.Size([64, 64]) || altblock.0.ang_trans.attention.out_proj.weight
 |  1.000 |  1.000 |  1.000 |  0.000 | torch.Size([64]) || altblock.0.ang_trans.feed_forward.0.weight
 |  0.000 |  0.000 |  0.000 |  0.000 | torch.Size([64]) || altblock.0.ang_trans.feed_forward.0.bias
 | -0.000 | -0.035 |  0.035 |  0.021 | torch.Size([128, 64]) || altblock.0.ang_trans.feed_forward.1.weight
 | -0.000 | -0.035 |  0.035 |  0.021 | torch.Size([64, 128]) || altblock.0.ang_trans.feed_forward.4.weight
 | -0.000 | -0.018 |  0.018 |  0.011 | torch.Size([128, 576]) || altblock.1.spa_trans.MLP.weight
 |  1.000 |  1.000 |  1.000 |  0.000 | torch.Size([128]) || altblock.1.spa_trans.norm.weight
 |  0.000 |  0.000 |  0.000 |  0.000 | torch.Size([128]) || altblock.1.spa_trans.norm.bias
 | -0.000 | -0.088 |  0.088 |  0.051 | torch.Size([384, 128]) || altblock.1.spa_trans.attention.in_proj_weight
 |  0.000 | -0.031 |  0.031 |  0.018 | torch.Size([128, 128]) || altblock.1.spa_trans.attention.out_proj.weight
 |  1.000 |  1.000 |  1.000 |  0.000 | torch.Size([128]) || altblock.1.spa_trans.feed_forward.0.weight
 |  0.000 |  0.000 |  0.000 |  0.000 | torch.Size([128]) || altblock.1.spa_trans.feed_forward.0.bias
 | -0.000 | -0.025 |  0.025 |  0.014 | torch.Size([256, 128]) || altblock.1.spa_trans.feed_forward.1.weight
 | -0.000 | -0.025 |  0.025 |  0.014 | torch.Size([128, 256]) || altblock.1.spa_trans.feed_forward.4.weight
 |  0.000 | -0.035 |  0.035 |  0.020 | torch.Size([64, 128, 1, 1, 1]) || altblock.1.spa_trans.linear.0.weight
 |  1.000 |  1.000 |  1.000 |  0.000 | torch.Size([64]) || altblock.1.ang_trans.norm.weight
 |  0.000 |  0.000 |  0.000 |  0.000 | torch.Size([64]) || altblock.1.ang_trans.norm.bias
 |  0.001 | -0.125 |  0.125 |  0.073 | torch.Size([192, 64]) || altblock.1.ang_trans.attention.in_proj_weight
 |  0.000 | -0.043 |  0.043 |  0.025 | torch.Size([64, 64]) || altblock.1.ang_trans.attention.out_proj.weight
 |  1.000 |  1.000 |  1.000 |  0.000 | torch.Size([64]) || altblock.1.ang_trans.feed_forward.0.weight
 |  0.000 |  0.000 |  0.000 |  0.000 | torch.Size([64]) || altblock.1.ang_trans.feed_forward.0.bias
 |  0.000 | -0.035 |  0.035 |  0.020 | torch.Size([128, 64]) || altblock.1.ang_trans.feed_forward.1.weight
 |  0.000 | -0.035 |  0.035 |  0.020 | torch.Size([64, 128]) || altblock.1.ang_trans.feed_forward.4.weight
 | -0.000 | -0.018 |  0.018 |  0.011 | torch.Size([128, 576]) || altblock.2.spa_trans.MLP.weight
 |  1.000 |  1.000 |  1.000 |  0.000 | torch.Size([128]) || altblock.2.spa_trans.norm.weight
 |  0.000 |  0.000 |  0.000 |  0.000 | torch.Size([128]) || altblock.2.spa_trans.norm.bias
 |  0.000 | -0.088 |  0.088 |  0.051 | torch.Size([384, 128]) || altblock.2.spa_trans.attention.in_proj_weight
 |  0.000 | -0.031 |  0.031 |  0.018 | torch.Size([128, 128]) || altblock.2.spa_trans.attention.out_proj.weight
 |  1.000 |  1.000 |  1.000 |  0.000 | torch.Size([128]) || altblock.2.spa_trans.feed_forward.0.weight
 |  0.000 |  0.000 |  0.000 |  0.000 | torch.Size([128]) || altblock.2.spa_trans.feed_forward.0.bias
 |  0.000 | -0.025 |  0.025 |  0.014 | torch.Size([256, 128]) || altblock.2.spa_trans.feed_forward.1.weight
 |  0.000 | -0.025 |  0.025 |  0.014 | torch.Size([128, 256]) || altblock.2.spa_trans.feed_forward.4.weight
 | -0.000 | -0.035 |  0.035 |  0.020 | torch.Size([64, 128, 1, 1, 1]) || altblock.2.spa_trans.linear.0.weight
 |  1.000 |  1.000 |  1.000 |  0.000 | torch.Size([64]) || altblock.2.ang_trans.norm.weight
 |  0.000 |  0.000 |  0.000 |  0.000 | torch.Size([64]) || altblock.2.ang_trans.norm.bias
 | -0.000 | -0.125 |  0.125 |  0.072 | torch.Size([192, 64]) || altblock.2.ang_trans.attention.in_proj_weight
 |  0.001 | -0.043 |  0.043 |  0.025 | torch.Size([64, 64]) || altblock.2.ang_trans.attention.out_proj.weight
 |  1.000 |  1.000 |  1.000 |  0.000 | torch.Size([64]) || altblock.2.ang_trans.feed_forward.0.weight
 |  0.000 |  0.000 |  0.000 |  0.000 | torch.Size([64]) || altblock.2.ang_trans.feed_forward.0.bias
 | -0.000 | -0.035 |  0.035 |  0.020 | torch.Size([128, 64]) || altblock.2.ang_trans.feed_forward.1.weight
 |  0.000 | -0.035 |  0.035 |  0.020 | torch.Size([64, 128]) || altblock.2.ang_trans.feed_forward.4.weight
 | -0.000 | -0.018 |  0.018 |  0.011 | torch.Size([128, 576]) || altblock.3.spa_trans.MLP.weight
 |  1.000 |  1.000 |  1.000 |  0.000 | torch.Size([128]) || altblock.3.spa_trans.norm.weight
 |  0.000 |  0.000 |  0.000 |  0.000 | torch.Size([128]) || altblock.3.spa_trans.norm.bias
 |  0.000 | -0.088 |  0.088 |  0.051 | torch.Size([384, 128]) || altblock.3.spa_trans.attention.in_proj_weight
 | -0.000 | -0.031 |  0.031 |  0.018 | torch.Size([128, 128]) || altblock.3.spa_trans.attention.out_proj.weight
 |  1.000 |  1.000 |  1.000 |  0.000 | torch.Size([128]) || altblock.3.spa_trans.feed_forward.0.weight
 |  0.000 |  0.000 |  0.000 |  0.000 | torch.Size([128]) || altblock.3.spa_trans.feed_forward.0.bias
 | -0.000 | -0.025 |  0.025 |  0.014 | torch.Size([256, 128]) || altblock.3.spa_trans.feed_forward.1.weight
 |  0.000 | -0.025 |  0.025 |  0.014 | torch.Size([128, 256]) || altblock.3.spa_trans.feed_forward.4.weight
 | -0.000 | -0.035 |  0.035 |  0.020 | torch.Size([64, 128, 1, 1, 1]) || altblock.3.spa_trans.linear.0.weight
 |  1.000 |  1.000 |  1.000 |  0.000 | torch.Size([64]) || altblock.3.ang_trans.norm.weight
 |  0.000 |  0.000 |  0.000 |  0.000 | torch.Size([64]) || altblock.3.ang_trans.norm.bias
 | -0.000 | -0.125 |  0.125 |  0.073 | torch.Size([192, 64]) || altblock.3.ang_trans.attention.in_proj_weight
 |  0.000 | -0.043 |  0.043 |  0.025 | torch.Size([64, 64]) || altblock.3.ang_trans.attention.out_proj.weight
 |  1.000 |  1.000 |  1.000 |  0.000 | torch.Size([64]) || altblock.3.ang_trans.feed_forward.0.weight
 |  0.000 |  0.000 |  0.000 |  0.000 | torch.Size([64]) || altblock.3.ang_trans.feed_forward.0.bias
 | -0.000 | -0.035 |  0.035 |  0.020 | torch.Size([128, 64]) || altblock.3.ang_trans.feed_forward.1.weight
 | -0.000 | -0.035 |  0.035 |  0.020 | torch.Size([64, 128]) || altblock.3.ang_trans.feed_forward.4.weight
 | -0.000 | -0.015 |  0.015 |  0.009 | torch.Size([1024, 64, 1, 1]) || upsampling.0.weight
 | -0.000 | -0.020 |  0.020 |  0.012 | torch.Size([1, 64, 3, 3]) || upsampling.3.weight

24-04-11 16:18:31.669 : <epoch:  2, iter:     200, lr:1.000e-04> G_loss: 9.067e-06 
24-04-11 16:21:17.631 : <epoch:  4, iter:     400, lr:1.000e-04> G_loss: 9.196e-06 
24-04-11 16:24:05.857 : <epoch:  7, iter:     600, lr:1.000e-04> G_loss: 1.023e-05 
24-04-11 16:26:52.626 : <epoch:  9, iter:     800, lr:1.000e-04> G_loss: 3.547e-05 
24-04-11 16:29:38.427 : <epoch: 12, iter:   1,000, lr:1.000e-04> G_loss: 1.028e-05 
24-04-11 16:32:26.322 : <epoch: 14, iter:   1,200, lr:1.000e-04> G_loss: 6.469e-05 
24-04-11 16:35:18.489 : <epoch: 17, iter:   1,400, lr:1.000e-04> G_loss: 3.340e-05 
24-04-11 16:38:07.016 : <epoch: 19, iter:   1,600, lr:1.000e-04> G_loss: 7.496e-06 
24-04-11 16:40:55.617 : <epoch: 21, iter:   1,800, lr:1.000e-04> G_loss: 7.401e-06 
24-04-11 16:43:42.816 : <epoch: 24, iter:   2,000, lr:1.000e-04> G_loss: 5.454e-05 
24-04-11 16:46:31.850 : <epoch: 26, iter:   2,200, lr:1.000e-04> G_loss: 5.095e-05 
24-04-11 16:49:25.046 : <epoch: 29, iter:   2,400, lr:1.000e-04> G_loss: 6.616e-05 
24-04-11 16:52:15.787 : <epoch: 31, iter:   2,600, lr:1.000e-04> G_loss: 1.675e-05 
24-04-11 16:55:07.728 : <epoch: 34, iter:   2,800, lr:1.000e-04> G_loss: 9.430e-06 
24-04-11 16:57:58.608 : <epoch: 36, iter:   3,000, lr:1.000e-04> G_loss: 8.639e-06 
24-04-11 17:00:44.088 : <epoch: 39, iter:   3,200, lr:1.000e-04> G_loss: 1.398e-05 
24-04-11 17:03:28.963 : <epoch: 41, iter:   3,400, lr:1.000e-04> G_loss: 4.500e-05 
24-04-11 17:06:14.022 : <epoch: 43, iter:   3,600, lr:1.000e-04> G_loss: 1.651e-05 
24-04-11 17:08:58.708 : <epoch: 46, iter:   3,800, lr:1.000e-04> G_loss: 2.431e-05 
24-04-11 17:11:43.413 : <epoch: 48, iter:   4,000, lr:1.000e-04> G_loss: 5.032e-05 
24-04-11 17:14:28.439 : <epoch: 51, iter:   4,200, lr:1.000e-04> G_loss: 3.056e-05 
24-04-11 17:17:13.240 : <epoch: 53, iter:   4,400, lr:1.000e-04> G_loss: 2.476e-05 
24-04-11 17:19:58.126 : <epoch: 56, iter:   4,600, lr:1.000e-04> G_loss: 1.375e-05 
24-04-11 17:22:42.608 : <epoch: 58, iter:   4,800, lr:1.000e-04> G_loss: 9.305e-06 
24-04-11 17:25:27.662 : <epoch: 60, iter:   5,000, lr:1.000e-04> G_loss: 2.722e-05 
24-04-11 17:25:27.663 : Saving the model.
24-04-11 17:25:27.992 : ---1--> Lego Knights.h5 | 66.06dB
24-04-11 17:25:28.164 : ---2--> Tarot Cards S.h5 | 59.85dB
24-04-11 17:25:28.176 : <epoch: 60, iter:   5,000, Average PSNR : 62.95dB

24-04-11 17:28:13.260 : <epoch: 63, iter:   5,200, lr:1.000e-04> G_loss: 3.366e-05 
24-04-11 17:30:57.997 : <epoch: 65, iter:   5,400, lr:1.000e-04> G_loss: 6.508e-06 
24-04-11 17:33:43.205 : <epoch: 68, iter:   5,600, lr:1.000e-04> G_loss: 3.947e-05 
24-04-11 17:36:28.113 : <epoch: 70, iter:   5,800, lr:1.000e-04> G_loss: 5.810e-05 
24-04-11 17:39:13.169 : <epoch: 73, iter:   6,000, lr:1.000e-04> G_loss: 4.772e-05 
24-04-11 17:41:57.848 : <epoch: 75, iter:   6,200, lr:1.000e-04> G_loss: 2.707e-05 
24-04-11 17:44:42.921 : <epoch: 78, iter:   6,400, lr:1.000e-04> G_loss: 3.536e-05 
24-04-11 17:47:27.351 : <epoch: 80, iter:   6,600, lr:1.000e-04> G_loss: 1.863e-05 
24-04-11 17:50:12.003 : <epoch: 82, iter:   6,800, lr:1.000e-04> G_loss: 3.204e-05 
24-04-11 17:52:56.688 : <epoch: 85, iter:   7,000, lr:1.000e-04> G_loss: 1.656e-05 
24-04-11 17:55:41.614 : <epoch: 87, iter:   7,200, lr:1.000e-04> G_loss: 9.918e-06 
24-04-11 17:58:26.652 : <epoch: 90, iter:   7,400, lr:1.000e-04> G_loss: 7.241e-06 
24-04-11 18:01:11.436 : <epoch: 92, iter:   7,600, lr:1.000e-04> G_loss: 8.796e-06 
24-04-11 18:03:56.302 : <epoch: 95, iter:   7,800, lr:1.000e-04> G_loss: 3.348e-05 
24-04-11 18:06:40.987 : <epoch: 97, iter:   8,000, lr:1.000e-04> G_loss: 1.112e-05 
24-04-11 18:09:25.621 : <epoch: 99, iter:   8,200, lr:1.000e-04> G_loss: 8.288e-05 
24-04-11 18:12:10.551 : <epoch:102, iter:   8,400, lr:1.000e-04> G_loss: 5.487e-05 
24-04-11 18:14:54.981 : <epoch:104, iter:   8,600, lr:1.000e-04> G_loss: 8.334e-06 
24-04-11 18:17:40.022 : <epoch:107, iter:   8,800, lr:1.000e-04> G_loss: 9.263e-06 
24-04-11 18:20:24.809 : <epoch:109, iter:   9,000, lr:1.000e-04> G_loss: 3.582e-05 
24-04-11 18:23:09.704 : <epoch:112, iter:   9,200, lr:1.000e-04> G_loss: 3.942e-05 
24-04-11 18:25:54.875 : <epoch:114, iter:   9,400, lr:1.000e-04> G_loss: 1.120e-05 
24-04-11 18:28:40.672 : <epoch:117, iter:   9,600, lr:1.000e-04> G_loss: 2.634e-05 
24-04-11 18:31:26.777 : <epoch:119, iter:   9,800, lr:1.000e-04> G_loss: 2.611e-05 
24-04-11 18:34:12.038 : <epoch:121, iter:  10,000, lr:1.000e-04> G_loss: 2.875e-05 
24-04-11 18:34:12.039 : Saving the model.
24-04-11 18:34:12.341 : ---1--> Lego Knights.h5 | 66.44dB
24-04-11 18:34:12.521 : ---2--> Tarot Cards S.h5 | 60.06dB
24-04-11 18:34:12.534 : <epoch:121, iter:  10,000, Average PSNR : 63.25dB

24-04-11 18:36:58.129 : <epoch:124, iter:  10,200, lr:1.000e-04> G_loss: 4.789e-05 
24-04-11 18:39:43.403 : <epoch:126, iter:  10,400, lr:1.000e-04> G_loss: 3.812e-05 
24-04-11 18:42:29.302 : <epoch:129, iter:  10,600, lr:1.000e-04> G_loss: 2.524e-05 
24-04-11 18:45:14.415 : <epoch:131, iter:  10,800, lr:1.000e-04> G_loss: 2.878e-05 
24-04-11 18:47:59.616 : <epoch:134, iter:  11,000, lr:1.000e-04> G_loss: 2.421e-05 
24-04-11 18:50:44.836 : <epoch:136, iter:  11,200, lr:1.000e-04> G_loss: 1.415e-05 
24-04-11 18:53:30.028 : <epoch:139, iter:  11,400, lr:1.000e-04> G_loss: 6.609e-05 
24-04-11 18:56:15.423 : <epoch:141, iter:  11,600, lr:1.000e-04> G_loss: 3.920e-05 
24-04-11 18:59:00.905 : <epoch:143, iter:  11,800, lr:1.000e-04> G_loss: 3.137e-05 
24-04-11 19:01:46.642 : <epoch:146, iter:  12,000, lr:1.000e-04> G_loss: 3.025e-05 
24-04-11 19:04:32.803 : <epoch:148, iter:  12,200, lr:1.000e-04> G_loss: 2.556e-05 
24-04-11 19:07:20.197 : <epoch:151, iter:  12,400, lr:1.000e-04> G_loss: 4.578e-05 
24-04-11 19:10:10.384 : <epoch:153, iter:  12,600, lr:1.000e-04> G_loss: 2.625e-05 
24-04-11 19:13:02.456 : <epoch:156, iter:  12,800, lr:1.000e-04> G_loss: 5.148e-05 
24-04-11 19:15:54.961 : <epoch:158, iter:  13,000, lr:1.000e-04> G_loss: 2.820e-05 
24-04-11 19:18:45.252 : <epoch:160, iter:  13,200, lr:1.000e-04> G_loss: 2.812e-05 
24-04-11 19:21:32.154 : <epoch:163, iter:  13,400, lr:1.000e-04> G_loss: 2.321e-05 
24-04-11 19:24:19.441 : <epoch:165, iter:  13,600, lr:1.000e-04> G_loss: 3.205e-05 
24-04-11 19:27:06.153 : <epoch:168, iter:  13,800, lr:1.000e-04> G_loss: 2.108e-05 
24-04-11 19:29:52.671 : <epoch:170, iter:  14,000, lr:1.000e-04> G_loss: 2.859e-05 
24-04-11 19:32:39.466 : <epoch:173, iter:  14,200, lr:1.000e-04> G_loss: 2.171e-05 
24-04-11 19:35:26.282 : <epoch:175, iter:  14,400, lr:1.000e-04> G_loss: 1.880e-05 
24-04-11 19:38:13.186 : <epoch:178, iter:  14,600, lr:1.000e-04> G_loss: 5.227e-05 
24-04-11 19:41:00.376 : <epoch:180, iter:  14,800, lr:1.000e-04> G_loss: 2.882e-05 
24-04-11 19:43:47.041 : <epoch:182, iter:  15,000, lr:1.000e-04> G_loss: 2.503e-05 
24-04-11 19:43:47.042 : Saving the model.
24-04-11 19:43:47.340 : ---1--> Lego Knights.h5 | 65.31dB
24-04-11 19:43:47.509 : ---2--> Tarot Cards S.h5 | 59.81dB
24-04-11 19:43:47.520 : <epoch:182, iter:  15,000, Average PSNR : 62.56dB

24-04-11 19:46:34.122 : <epoch:185, iter:  15,200, lr:1.000e-04> G_loss: 5.186e-05 
24-04-11 19:49:22.654 : <epoch:187, iter:  15,400, lr:1.000e-04> G_loss: 8.834e-06 
24-04-11 19:52:10.505 : <epoch:190, iter:  15,600, lr:1.000e-04> G_loss: 1.303e-05 
24-04-11 19:54:57.966 : <epoch:192, iter:  15,800, lr:1.000e-04> G_loss: 1.455e-05 
24-04-11 19:57:45.559 : <epoch:195, iter:  16,000, lr:1.000e-04> G_loss: 7.137e-05 
24-04-11 20:00:32.279 : <epoch:197, iter:  16,200, lr:1.000e-04> G_loss: 2.099e-05 
24-04-11 20:03:19.251 : <epoch:199, iter:  16,400, lr:1.000e-04> G_loss: 2.636e-05 
24-04-11 20:06:06.080 : <epoch:202, iter:  16,600, lr:1.000e-04> G_loss: 1.309e-05 
24-04-11 20:08:52.561 : <epoch:204, iter:  16,800, lr:1.000e-04> G_loss: 4.836e-05 
24-04-11 20:11:39.255 : <epoch:207, iter:  17,000, lr:1.000e-04> G_loss: 2.719e-05 
24-04-11 20:14:25.869 : <epoch:209, iter:  17,200, lr:1.000e-04> G_loss: 3.013e-05 
24-04-11 20:17:23.986 : <epoch:212, iter:  17,400, lr:1.000e-04> G_loss: 2.926e-05 
24-04-11 20:20:24.225 : <epoch:214, iter:  17,600, lr:1.000e-04> G_loss: 4.990e-05 
24-04-11 20:23:24.357 : <epoch:217, iter:  17,800, lr:1.000e-04> G_loss: 3.663e-05 
24-04-11 20:26:23.818 : <epoch:219, iter:  18,000, lr:1.000e-04> G_loss: 2.164e-05 
24-04-11 20:29:21.781 : <epoch:221, iter:  18,200, lr:1.000e-04> G_loss: 2.399e-05 
24-04-11 20:32:20.389 : <epoch:224, iter:  18,400, lr:1.000e-04> G_loss: 3.124e-05 
24-04-11 20:35:18.454 : <epoch:226, iter:  18,600, lr:1.000e-04> G_loss: 7.583e-06 
24-04-11 20:38:16.232 : <epoch:229, iter:  18,800, lr:1.000e-04> G_loss: 1.203e-05 
24-04-11 20:41:14.141 : <epoch:231, iter:  19,000, lr:1.000e-04> G_loss: 3.338e-05 
24-04-11 20:44:12.217 : <epoch:234, iter:  19,200, lr:1.000e-04> G_loss: 1.126e-05 
24-04-11 20:47:10.184 : <epoch:236, iter:  19,400, lr:1.000e-04> G_loss: 1.306e-05 
24-04-11 20:50:07.373 : <epoch:239, iter:  19,600, lr:1.000e-04> G_loss: 2.321e-05 
24-04-11 20:52:56.826 : <epoch:241, iter:  19,800, lr:1.000e-04> G_loss: 2.029e-05 
24-04-11 20:55:42.466 : <epoch:243, iter:  20,000, lr:1.000e-04> G_loss: 7.601e-06 
24-04-11 20:55:42.467 : Saving the model.
24-04-11 20:55:42.815 : ---1--> Lego Knights.h5 | 64.42dB
24-04-11 20:55:42.983 : ---2--> Tarot Cards S.h5 | 59.72dB
24-04-11 20:55:42.997 : <epoch:243, iter:  20,000, Average PSNR : 62.07dB

24-04-11 20:58:28.701 : <epoch:246, iter:  20,200, lr:1.000e-04> G_loss: 1.155e-05 
24-04-11 21:01:20.131 : <epoch:248, iter:  20,400, lr:1.000e-04> G_loss: 2.664e-05 
24-04-11 21:04:12.094 : <epoch:251, iter:  20,600, lr:1.000e-04> G_loss: 3.287e-05 
24-04-11 21:06:59.446 : <epoch:253, iter:  20,800, lr:1.000e-04> G_loss: 1.914e-05 
24-04-11 21:09:45.513 : <epoch:256, iter:  21,000, lr:1.000e-04> G_loss: 1.524e-05 
24-04-11 21:12:32.098 : <epoch:258, iter:  21,200, lr:1.000e-04> G_loss: 3.627e-05 
24-04-11 21:15:20.366 : <epoch:260, iter:  21,400, lr:1.000e-04> G_loss: 1.455e-05 
24-04-11 21:18:14.519 : <epoch:263, iter:  21,600, lr:1.000e-04> G_loss: 2.518e-05 
24-04-11 21:21:09.287 : <epoch:265, iter:  21,800, lr:1.000e-04> G_loss: 1.378e-05 
24-04-11 21:24:03.332 : <epoch:268, iter:  22,000, lr:1.000e-04> G_loss: 1.495e-05 
24-04-11 21:26:49.697 : <epoch:270, iter:  22,200, lr:1.000e-04> G_loss: 2.949e-05 
24-04-11 21:29:34.967 : <epoch:273, iter:  22,400, lr:1.000e-04> G_loss: 3.252e-05 
24-04-11 21:32:20.031 : <epoch:275, iter:  22,600, lr:1.000e-04> G_loss: 1.828e-05 
24-04-11 21:35:05.259 : <epoch:278, iter:  22,800, lr:1.000e-04> G_loss: 4.350e-05 
24-04-11 21:37:50.161 : <epoch:280, iter:  23,000, lr:1.000e-04> G_loss: 1.569e-05 
24-04-11 21:40:35.259 : <epoch:282, iter:  23,200, lr:1.000e-04> G_loss: 4.056e-05 
24-04-11 21:43:20.295 : <epoch:285, iter:  23,400, lr:1.000e-04> G_loss: 2.020e-05 
24-04-11 21:46:05.145 : <epoch:287, iter:  23,600, lr:1.000e-04> G_loss: 2.724e-05 
24-04-11 21:48:51.188 : <epoch:290, iter:  23,800, lr:1.000e-04> G_loss: 3.659e-05 
24-04-11 21:51:37.332 : <epoch:292, iter:  24,000, lr:1.000e-04> G_loss: 8.878e-06 
24-04-11 21:54:28.249 : <epoch:295, iter:  24,200, lr:1.000e-04> G_loss: 8.504e-06 
24-04-11 21:57:21.819 : <epoch:297, iter:  24,400, lr:1.000e-04> G_loss: 2.513e-05 
24-04-11 22:00:15.906 : <epoch:299, iter:  24,600, lr:1.000e-04> G_loss: 2.587e-05 
24-04-11 22:03:03.094 : <epoch:302, iter:  24,800, lr:1.000e-04> G_loss: 3.026e-05 
24-04-11 22:05:48.022 : <epoch:304, iter:  25,000, lr:1.000e-04> G_loss: 3.540e-05 
24-04-11 22:05:48.022 : Saving the model.
24-04-11 22:05:48.394 : ---1--> Lego Knights.h5 | 65.48dB
24-04-11 22:05:48.566 : ---2--> Tarot Cards S.h5 | 60.12dB
24-04-11 22:05:48.581 : <epoch:304, iter:  25,000, Average PSNR : 62.80dB

24-04-11 22:08:33.924 : <epoch:307, iter:  25,200, lr:1.000e-04> G_loss: 4.676e-05 
24-04-11 22:11:19.041 : <epoch:309, iter:  25,400, lr:1.000e-04> G_loss: 1.674e-05 
24-04-11 22:14:04.070 : <epoch:312, iter:  25,600, lr:1.000e-04> G_loss: 1.127e-05 
24-04-11 22:16:49.333 : <epoch:314, iter:  25,800, lr:1.000e-04> G_loss: 2.420e-05 
24-04-11 22:19:34.761 : <epoch:317, iter:  26,000, lr:1.000e-04> G_loss: 2.542e-05 
24-04-11 22:22:19.828 : <epoch:319, iter:  26,200, lr:1.000e-04> G_loss: 4.125e-05 
24-04-11 22:25:04.696 : <epoch:321, iter:  26,400, lr:1.000e-04> G_loss: 9.747e-06 
24-04-11 22:27:49.629 : <epoch:324, iter:  26,600, lr:1.000e-04> G_loss: 9.925e-06 
24-04-11 22:30:34.803 : <epoch:326, iter:  26,800, lr:1.000e-04> G_loss: 2.276e-05 
24-04-11 22:33:19.685 : <epoch:329, iter:  27,000, lr:1.000e-04> G_loss: 1.486e-05 
24-04-11 22:36:04.375 : <epoch:331, iter:  27,200, lr:1.000e-04> G_loss: 1.848e-05 
24-04-11 22:38:50.191 : <epoch:334, iter:  27,400, lr:1.000e-04> G_loss: 3.420e-05 
24-04-11 22:41:36.564 : <epoch:336, iter:  27,600, lr:1.000e-04> G_loss: 4.531e-05 
24-04-11 22:44:22.094 : <epoch:339, iter:  27,800, lr:1.000e-04> G_loss: 7.398e-06 
24-04-11 22:47:07.706 : <epoch:341, iter:  28,000, lr:1.000e-04> G_loss: 2.764e-05 
24-04-11 22:49:52.636 : <epoch:343, iter:  28,200, lr:1.000e-04> G_loss: 3.230e-05 
24-04-11 22:52:38.320 : <epoch:346, iter:  28,400, lr:1.000e-04> G_loss: 3.943e-05 
24-04-11 22:55:23.320 : <epoch:348, iter:  28,600, lr:1.000e-04> G_loss: 3.546e-05 
24-04-11 22:58:08.948 : <epoch:351, iter:  28,800, lr:1.000e-04> G_loss: 4.145e-05 
24-04-11 23:00:53.932 : <epoch:353, iter:  29,000, lr:1.000e-04> G_loss: 3.056e-05 
24-04-11 23:03:39.126 : <epoch:356, iter:  29,200, lr:1.000e-04> G_loss: 4.100e-05 
24-04-11 23:06:24.458 : <epoch:358, iter:  29,400, lr:1.000e-04> G_loss: 2.722e-05 
24-04-11 23:09:09.872 : <epoch:360, iter:  29,600, lr:1.000e-04> G_loss: 2.215e-05 
24-04-11 23:11:55.337 : <epoch:363, iter:  29,800, lr:1.000e-04> G_loss: 3.136e-05 
24-04-11 23:14:40.400 : <epoch:365, iter:  30,000, lr:1.000e-04> G_loss: 3.850e-05 
24-04-11 23:14:40.400 : Saving the model.
24-04-11 23:14:40.736 : ---1--> Lego Knights.h5 | 65.83dB
24-04-11 23:14:40.913 : ---2--> Tarot Cards S.h5 | 59.13dB
24-04-11 23:14:40.925 : <epoch:365, iter:  30,000, Average PSNR : 62.48dB

24-04-11 23:17:26.291 : <epoch:368, iter:  30,200, lr:1.000e-04> G_loss: 2.475e-05 
24-04-11 23:20:11.505 : <epoch:370, iter:  30,400, lr:1.000e-04> G_loss: 4.655e-05 
24-04-11 23:22:56.697 : <epoch:373, iter:  30,600, lr:1.000e-04> G_loss: 2.325e-05 
24-04-11 23:25:41.893 : <epoch:375, iter:  30,800, lr:1.000e-04> G_loss: 4.078e-05 
24-04-11 23:28:30.747 : <epoch:378, iter:  31,000, lr:1.000e-04> G_loss: 2.725e-05 
24-04-11 23:31:24.963 : <epoch:380, iter:  31,200, lr:1.000e-04> G_loss: 2.679e-05 
24-04-11 23:34:19.003 : <epoch:382, iter:  31,400, lr:1.000e-04> G_loss: 2.975e-05 
24-04-11 23:37:13.527 : <epoch:385, iter:  31,600, lr:1.000e-04> G_loss: 1.297e-05 
24-04-11 23:40:02.107 : <epoch:387, iter:  31,800, lr:1.000e-04> G_loss: 1.450e-05 
24-04-11 23:42:48.744 : <epoch:390, iter:  32,000, lr:1.000e-04> G_loss: 2.285e-05 
24-04-11 23:45:35.251 : <epoch:392, iter:  32,200, lr:1.000e-04> G_loss: 7.060e-06 
24-04-11 23:48:28.931 : <epoch:395, iter:  32,400, lr:1.000e-04> G_loss: 5.902e-05 
24-04-11 23:51:15.808 : <epoch:397, iter:  32,600, lr:1.000e-04> G_loss: 1.298e-05 
24-04-11 23:54:01.013 : <epoch:399, iter:  32,800, lr:1.000e-04> G_loss: 9.492e-06 
24-04-11 23:56:46.352 : <epoch:402, iter:  33,000, lr:1.000e-04> G_loss: 1.453e-05 
24-04-11 23:59:31.614 : <epoch:404, iter:  33,200, lr:1.000e-04> G_loss: 3.286e-05 
24-04-12 00:02:16.954 : <epoch:407, iter:  33,400, lr:1.000e-04> G_loss: 4.421e-05 
24-04-12 00:05:02.980 : <epoch:409, iter:  33,600, lr:1.000e-04> G_loss: 2.236e-05 
24-04-12 00:07:48.732 : <epoch:412, iter:  33,800, lr:1.000e-04> G_loss: 1.978e-05 
24-04-12 00:10:33.930 : <epoch:414, iter:  34,000, lr:1.000e-04> G_loss: 4.376e-05 
24-04-12 00:13:19.811 : <epoch:417, iter:  34,200, lr:1.000e-04> G_loss: 2.266e-05 
24-04-12 00:16:05.497 : <epoch:419, iter:  34,400, lr:1.000e-04> G_loss: 1.633e-05 
24-04-12 00:18:51.244 : <epoch:421, iter:  34,600, lr:1.000e-04> G_loss: 2.585e-05 
24-04-12 00:21:36.930 : <epoch:424, iter:  34,800, lr:1.000e-04> G_loss: 1.404e-05 
24-04-12 00:24:22.126 : <epoch:426, iter:  35,000, lr:1.000e-04> G_loss: 3.210e-05 
24-04-12 00:24:22.126 : Saving the model.
24-04-12 00:24:22.510 : ---1--> Lego Knights.h5 | 64.24dB
24-04-12 00:24:22.679 : ---2--> Tarot Cards S.h5 | 59.29dB
24-04-12 00:24:22.691 : <epoch:426, iter:  35,000, Average PSNR : 61.77dB

24-04-12 00:27:08.681 : <epoch:429, iter:  35,200, lr:1.000e-04> G_loss: 3.581e-05 
24-04-12 00:29:54.014 : <epoch:431, iter:  35,400, lr:1.000e-04> G_loss: 2.946e-05 
24-04-12 00:32:39.775 : <epoch:434, iter:  35,600, lr:1.000e-04> G_loss: 1.884e-05 
24-04-12 00:35:25.051 : <epoch:436, iter:  35,800, lr:1.000e-04> G_loss: 8.306e-06 
24-04-12 00:38:10.862 : <epoch:439, iter:  36,000, lr:1.000e-04> G_loss: 2.746e-05 
24-04-12 00:40:56.204 : <epoch:441, iter:  36,200, lr:1.000e-04> G_loss: 2.050e-05 
24-04-12 00:43:41.832 : <epoch:443, iter:  36,400, lr:1.000e-04> G_loss: 2.251e-05 
24-04-12 00:46:27.550 : <epoch:446, iter:  36,600, lr:1.000e-04> G_loss: 8.485e-06 
24-04-12 00:49:12.790 : <epoch:448, iter:  36,800, lr:1.000e-04> G_loss: 1.370e-05 
24-04-12 00:51:58.582 : <epoch:451, iter:  37,000, lr:1.000e-04> G_loss: 2.481e-05 
24-04-12 00:54:43.555 : <epoch:453, iter:  37,200, lr:1.000e-04> G_loss: 1.942e-05 
24-04-12 00:57:29.016 : <epoch:456, iter:  37,400, lr:1.000e-04> G_loss: 1.204e-05 
24-04-12 01:00:14.103 : <epoch:458, iter:  37,600, lr:1.000e-04> G_loss: 2.130e-05 
24-04-12 01:02:59.728 : <epoch:460, iter:  37,800, lr:1.000e-04> G_loss: 4.161e-05 
24-04-12 01:05:45.540 : <epoch:463, iter:  38,000, lr:1.000e-04> G_loss: 2.478e-05 
24-04-12 01:08:31.103 : <epoch:465, iter:  38,200, lr:1.000e-04> G_loss: 2.355e-05 
24-04-12 01:11:16.820 : <epoch:468, iter:  38,400, lr:1.000e-04> G_loss: 3.393e-05 
24-04-12 01:14:02.370 : <epoch:470, iter:  38,600, lr:1.000e-04> G_loss: 2.098e-05 
24-04-12 01:16:47.562 : <epoch:473, iter:  38,800, lr:1.000e-04> G_loss: 3.390e-05 
24-04-12 01:19:32.744 : <epoch:475, iter:  39,000, lr:1.000e-04> G_loss: 3.126e-05 
24-04-12 01:22:18.373 : <epoch:478, iter:  39,200, lr:1.000e-04> G_loss: 1.130e-05 
24-04-12 01:25:03.564 : <epoch:480, iter:  39,400, lr:1.000e-04> G_loss: 4.745e-05 
24-04-12 01:27:48.686 : <epoch:482, iter:  39,600, lr:1.000e-04> G_loss: 8.704e-06 
24-04-12 01:30:34.443 : <epoch:485, iter:  39,800, lr:1.000e-04> G_loss: 1.075e-05 
24-04-12 01:33:19.606 : <epoch:487, iter:  40,000, lr:1.000e-04> G_loss: 8.377e-06 
24-04-12 01:33:19.606 : Saving the model.
24-04-12 01:33:19.977 : ---1--> Lego Knights.h5 | 64.58dB
24-04-12 01:33:20.144 : ---2--> Tarot Cards S.h5 | 59.64dB
24-04-12 01:33:20.157 : <epoch:487, iter:  40,000, Average PSNR : 62.11dB

24-04-12 01:36:05.553 : <epoch:490, iter:  40,200, lr:1.000e-04> G_loss: 1.915e-05 
24-04-12 01:38:50.748 : <epoch:492, iter:  40,400, lr:1.000e-04> G_loss: 1.121e-05 
24-04-12 01:41:36.437 : <epoch:495, iter:  40,600, lr:1.000e-04> G_loss: 1.719e-05 
24-04-12 01:44:21.498 : <epoch:497, iter:  40,800, lr:1.000e-04> G_loss: 3.229e-05 
24-04-12 01:47:06.893 : <epoch:499, iter:  41,000, lr:1.000e-04> G_loss: 4.577e-05 
24-04-12 01:49:52.441 : <epoch:502, iter:  41,200, lr:1.000e-04> G_loss: 1.941e-05 
24-04-12 01:52:37.672 : <epoch:504, iter:  41,400, lr:1.000e-04> G_loss: 1.358e-05 
24-04-12 01:55:22.845 : <epoch:507, iter:  41,600, lr:1.000e-04> G_loss: 7.351e-06 
24-04-12 01:58:08.319 : <epoch:509, iter:  41,800, lr:1.000e-04> G_loss: 3.415e-05 
24-04-12 02:00:53.801 : <epoch:512, iter:  42,000, lr:1.000e-04> G_loss: 3.336e-05 
24-04-12 02:03:38.799 : <epoch:514, iter:  42,200, lr:1.000e-04> G_loss: 2.011e-05 
24-04-12 02:06:24.889 : <epoch:517, iter:  42,400, lr:1.000e-04> G_loss: 2.149e-05 
24-04-12 02:09:10.136 : <epoch:519, iter:  42,600, lr:1.000e-04> G_loss: 2.207e-05 
24-04-12 02:11:55.515 : <epoch:521, iter:  42,800, lr:1.000e-04> G_loss: 3.357e-05 
24-04-12 02:14:41.514 : <epoch:524, iter:  43,000, lr:1.000e-04> G_loss: 5.018e-05 
24-04-12 02:17:26.773 : <epoch:526, iter:  43,200, lr:1.000e-04> G_loss: 1.534e-05 
24-04-12 02:20:12.525 : <epoch:529, iter:  43,400, lr:1.000e-04> G_loss: 3.658e-05 
24-04-12 02:22:57.941 : <epoch:531, iter:  43,600, lr:1.000e-04> G_loss: 2.138e-05 
24-04-12 02:25:43.692 : <epoch:534, iter:  43,800, lr:1.000e-04> G_loss: 3.313e-05 
24-04-12 02:28:29.423 : <epoch:536, iter:  44,000, lr:1.000e-04> G_loss: 2.546e-05 
24-04-12 02:31:14.841 : <epoch:539, iter:  44,200, lr:1.000e-04> G_loss: 2.060e-05 
24-04-12 02:34:00.033 : <epoch:541, iter:  44,400, lr:1.000e-04> G_loss: 2.899e-05 
24-04-12 02:36:45.368 : <epoch:543, iter:  44,600, lr:1.000e-04> G_loss: 8.911e-06 
24-04-12 02:39:31.812 : <epoch:546, iter:  44,800, lr:1.000e-04> G_loss: 2.424e-05 
24-04-12 02:42:17.347 : <epoch:548, iter:  45,000, lr:1.000e-04> G_loss: 1.915e-05 
24-04-12 02:42:17.347 : Saving the model.
24-04-12 02:42:17.708 : ---1--> Lego Knights.h5 | 64.58dB
24-04-12 02:42:17.880 : ---2--> Tarot Cards S.h5 | 59.79dB
24-04-12 02:42:17.893 : <epoch:548, iter:  45,000, Average PSNR : 62.19dB

24-04-12 02:45:04.190 : <epoch:551, iter:  45,200, lr:1.000e-04> G_loss: 2.138e-05 
24-04-12 02:47:49.417 : <epoch:553, iter:  45,400, lr:1.000e-04> G_loss: 1.014e-05 
24-04-12 02:50:35.141 : <epoch:556, iter:  45,600, lr:1.000e-04> G_loss: 9.217e-06 
24-04-12 02:53:20.421 : <epoch:558, iter:  45,800, lr:1.000e-04> G_loss: 3.682e-05 
24-04-12 02:56:05.889 : <epoch:560, iter:  46,000, lr:1.000e-04> G_loss: 1.747e-05 
24-04-12 02:58:51.757 : <epoch:563, iter:  46,200, lr:1.000e-04> G_loss: 1.408e-05 
24-04-12 03:01:37.265 : <epoch:565, iter:  46,400, lr:1.000e-04> G_loss: 9.297e-06 
24-04-12 03:04:28.413 : <epoch:568, iter:  46,600, lr:1.000e-04> G_loss: 1.346e-05 
24-04-12 03:07:29.171 : <epoch:570, iter:  46,800, lr:1.000e-04> G_loss: 1.840e-05 
24-04-12 03:10:30.424 : <epoch:573, iter:  47,000, lr:1.000e-04> G_loss: 2.941e-05 
24-04-12 03:13:31.172 : <epoch:575, iter:  47,200, lr:1.000e-04> G_loss: 3.068e-05 
24-04-12 03:16:28.164 : <epoch:578, iter:  47,400, lr:1.000e-04> G_loss: 1.402e-05 
24-04-12 03:19:14.404 : <epoch:580, iter:  47,600, lr:1.000e-04> G_loss: 2.165e-05 
24-04-12 03:22:00.242 : <epoch:582, iter:  47,800, lr:1.000e-04> G_loss: 3.547e-05 
24-04-12 03:24:47.486 : <epoch:585, iter:  48,000, lr:1.000e-04> G_loss: 9.590e-06 
24-04-12 03:27:41.079 : <epoch:587, iter:  48,200, lr:1.000e-04> G_loss: 3.050e-05 
24-04-12 03:30:35.051 : <epoch:590, iter:  48,400, lr:1.000e-04> G_loss: 1.491e-05 
24-04-12 03:33:28.881 : <epoch:592, iter:  48,600, lr:1.000e-04> G_loss: 2.017e-05 
24-04-12 03:36:23.413 : <epoch:595, iter:  48,800, lr:1.000e-04> G_loss: 4.330e-05 
24-04-12 03:39:13.472 : <epoch:597, iter:  49,000, lr:1.000e-04> G_loss: 3.583e-05 
24-04-12 03:42:04.070 : <epoch:599, iter:  49,200, lr:1.000e-04> G_loss: 2.994e-05 
24-04-12 03:44:56.506 : <epoch:602, iter:  49,400, lr:1.000e-04> G_loss: 2.308e-05 
24-04-12 03:47:41.975 : <epoch:604, iter:  49,600, lr:1.000e-04> G_loss: 3.404e-05 
24-04-12 03:50:27.736 : <epoch:607, iter:  49,800, lr:1.000e-04> G_loss: 3.451e-05 
24-04-12 03:53:13.208 : <epoch:609, iter:  50,000, lr:1.000e-04> G_loss: 1.595e-05 
24-04-12 03:53:13.208 : Saving the model.
24-04-12 03:53:13.572 : ---1--> Lego Knights.h5 | 64.72dB
24-04-12 03:53:13.739 : ---2--> Tarot Cards S.h5 | 59.94dB
24-04-12 03:53:13.750 : <epoch:609, iter:  50,000, Average PSNR : 62.33dB

24-04-12 03:55:59.424 : <epoch:612, iter:  50,200, lr:1.000e-04> G_loss: 4.247e-05 
24-04-12 03:58:47.375 : <epoch:614, iter:  50,400, lr:1.000e-04> G_loss: 4.484e-05 
24-04-12 04:01:41.292 : <epoch:617, iter:  50,600, lr:1.000e-04> G_loss: 1.828e-05 
24-04-12 04:04:33.338 : <epoch:619, iter:  50,800, lr:1.000e-04> G_loss: 5.275e-05 
24-04-12 04:07:30.670 : <epoch:621, iter:  51,000, lr:1.000e-04> G_loss: 7.862e-06 
24-04-12 04:10:23.405 : <epoch:624, iter:  51,200, lr:1.000e-04> G_loss: 2.197e-05 
24-04-12 04:13:09.286 : <epoch:626, iter:  51,400, lr:1.000e-04> G_loss: 1.470e-05 
24-04-12 04:15:55.454 : <epoch:629, iter:  51,600, lr:1.000e-04> G_loss: 2.413e-05 
24-04-12 04:18:43.777 : <epoch:631, iter:  51,800, lr:1.000e-04> G_loss: 1.139e-05 
24-04-12 04:21:31.945 : <epoch:634, iter:  52,000, lr:1.000e-04> G_loss: 1.681e-05 
24-04-12 04:24:20.042 : <epoch:636, iter:  52,200, lr:1.000e-04> G_loss: 1.846e-05 
24-04-12 04:27:04.955 : <epoch:639, iter:  52,400, lr:1.000e-04> G_loss: 7.372e-06 
24-04-12 04:29:49.763 : <epoch:641, iter:  52,600, lr:1.000e-04> G_loss: 7.614e-06 
24-04-12 04:32:35.026 : <epoch:643, iter:  52,800, lr:1.000e-04> G_loss: 3.111e-05 
24-04-12 04:35:20.094 : <epoch:646, iter:  53,000, lr:1.000e-04> G_loss: 1.103e-05 
24-04-12 04:38:04.953 : <epoch:648, iter:  53,200, lr:1.000e-04> G_loss: 5.039e-05 
24-04-12 04:40:50.189 : <epoch:651, iter:  53,400, lr:1.000e-04> G_loss: 8.146e-06 
24-04-12 04:43:35.081 : <epoch:653, iter:  53,600, lr:1.000e-04> G_loss: 2.179e-05 
24-04-12 04:46:20.248 : <epoch:656, iter:  53,800, lr:1.000e-04> G_loss: 1.504e-05 
24-04-12 04:49:05.020 : <epoch:658, iter:  54,000, lr:1.000e-04> G_loss: 1.786e-05 
24-04-12 04:51:49.939 : <epoch:660, iter:  54,200, lr:1.000e-04> G_loss: 2.434e-05 
24-04-12 04:54:35.145 : <epoch:663, iter:  54,400, lr:1.000e-04> G_loss: 8.251e-06 
24-04-12 04:57:20.191 : <epoch:665, iter:  54,600, lr:1.000e-04> G_loss: 2.447e-05 
24-04-12 05:00:05.347 : <epoch:668, iter:  54,800, lr:1.000e-04> G_loss: 1.086e-05 
24-04-12 05:02:50.354 : <epoch:670, iter:  55,000, lr:1.000e-04> G_loss: 2.584e-05 
24-04-12 05:02:50.354 : Saving the model.
24-04-12 05:02:50.686 : ---1--> Lego Knights.h5 | 64.67dB
24-04-12 05:02:50.858 : ---2--> Tarot Cards S.h5 | 59.39dB
24-04-12 05:02:50.871 : <epoch:670, iter:  55,000, Average PSNR : 62.03dB

24-04-12 05:05:36.227 : <epoch:673, iter:  55,200, lr:1.000e-04> G_loss: 3.350e-05 
24-04-12 05:08:21.299 : <epoch:675, iter:  55,400, lr:1.000e-04> G_loss: 4.228e-05 
24-04-12 05:11:06.298 : <epoch:678, iter:  55,600, lr:1.000e-04> G_loss: 3.437e-05 
24-04-12 05:13:50.977 : <epoch:680, iter:  55,800, lr:1.000e-04> G_loss: 8.812e-06 
24-04-12 05:16:35.846 : <epoch:682, iter:  56,000, lr:1.000e-04> G_loss: 2.202e-05 
24-04-12 05:19:20.916 : <epoch:685, iter:  56,200, lr:1.000e-04> G_loss: 3.447e-05 
24-04-12 05:22:05.584 : <epoch:687, iter:  56,400, lr:1.000e-04> G_loss: 3.032e-05 
24-04-12 05:24:50.662 : <epoch:690, iter:  56,600, lr:1.000e-04> G_loss: 9.973e-06 
24-04-12 05:27:35.519 : <epoch:692, iter:  56,800, lr:1.000e-04> G_loss: 1.101e-05 
24-04-12 05:30:21.066 : <epoch:695, iter:  57,000, lr:1.000e-04> G_loss: 3.474e-05 
24-04-12 05:33:05.996 : <epoch:697, iter:  57,200, lr:1.000e-04> G_loss: 2.593e-05 
24-04-12 05:35:50.880 : <epoch:699, iter:  57,400, lr:1.000e-04> G_loss: 7.021e-06 
24-04-12 05:38:35.931 : <epoch:702, iter:  57,600, lr:1.000e-04> G_loss: 9.859e-06 
24-04-12 05:41:21.104 : <epoch:704, iter:  57,800, lr:1.000e-04> G_loss: 3.378e-05 
24-04-12 05:44:06.183 : <epoch:707, iter:  58,000, lr:1.000e-04> G_loss: 1.388e-05 
24-04-12 05:46:51.033 : <epoch:709, iter:  58,200, lr:1.000e-04> G_loss: 6.935e-06 
24-04-12 05:49:38.285 : <epoch:712, iter:  58,400, lr:1.000e-04> G_loss: 1.147e-05 
24-04-12 05:52:27.144 : <epoch:714, iter:  58,600, lr:1.000e-04> G_loss: 4.312e-05 
24-04-12 05:55:15.394 : <epoch:717, iter:  58,800, lr:1.000e-04> G_loss: 1.422e-05 
24-04-12 05:58:09.686 : <epoch:719, iter:  59,000, lr:1.000e-04> G_loss: 6.951e-06 
24-04-12 06:01:02.655 : <epoch:721, iter:  59,200, lr:1.000e-04> G_loss: 1.624e-05 
24-04-12 06:03:49.599 : <epoch:724, iter:  59,400, lr:1.000e-04> G_loss: 8.070e-06 
24-04-12 06:06:34.059 : <epoch:726, iter:  59,600, lr:1.000e-04> G_loss: 2.641e-05 
24-04-12 06:09:18.709 : <epoch:729, iter:  59,800, lr:1.000e-04> G_loss: 1.051e-05 
24-04-12 06:12:03.873 : <epoch:731, iter:  60,000, lr:1.000e-04> G_loss: 1.846e-05 
24-04-12 06:12:03.873 : Saving the model.
24-04-12 06:12:04.351 : ---1--> Lego Knights.h5 | 64.54dB
24-04-12 06:12:04.533 : ---2--> Tarot Cards S.h5 | 59.62dB
24-04-12 06:12:04.547 : <epoch:731, iter:  60,000, Average PSNR : 62.08dB

24-04-12 06:14:49.721 : <epoch:734, iter:  60,200, lr:1.000e-04> G_loss: 3.351e-05 
24-04-12 06:17:34.745 : <epoch:736, iter:  60,400, lr:1.000e-04> G_loss: 1.800e-05 
24-04-12 06:20:20.317 : <epoch:739, iter:  60,600, lr:1.000e-04> G_loss: 8.430e-06 
24-04-12 06:23:05.405 : <epoch:741, iter:  60,800, lr:1.000e-04> G_loss: 9.362e-06 
24-04-12 06:25:50.762 : <epoch:743, iter:  61,000, lr:1.000e-04> G_loss: 3.970e-05 
24-04-12 06:28:36.211 : <epoch:746, iter:  61,200, lr:1.000e-04> G_loss: 2.584e-05 
24-04-12 06:31:21.443 : <epoch:748, iter:  61,400, lr:1.000e-04> G_loss: 4.103e-05 
24-04-12 06:34:06.738 : <epoch:751, iter:  61,600, lr:1.000e-04> G_loss: 3.425e-05 
24-04-12 06:36:51.990 : <epoch:753, iter:  61,800, lr:1.000e-04> G_loss: 2.718e-05 
24-04-12 06:39:37.493 : <epoch:756, iter:  62,000, lr:1.000e-04> G_loss: 2.122e-05 
24-04-12 06:42:22.597 : <epoch:758, iter:  62,200, lr:1.000e-04> G_loss: 3.645e-05 
24-04-12 06:45:07.873 : <epoch:760, iter:  62,400, lr:1.000e-04> G_loss: 3.495e-05 
24-04-12 06:47:52.785 : <epoch:763, iter:  62,600, lr:1.000e-04> G_loss: 3.975e-05 
24-04-12 06:50:37.681 : <epoch:765, iter:  62,800, lr:1.000e-04> G_loss: 9.092e-06 
24-04-12 06:53:23.125 : <epoch:768, iter:  63,000, lr:1.000e-04> G_loss: 1.573e-05 
24-04-12 06:56:08.874 : <epoch:770, iter:  63,200, lr:1.000e-04> G_loss: 3.563e-05 
24-04-12 06:58:56.223 : <epoch:773, iter:  63,400, lr:1.000e-04> G_loss: 1.372e-05 
24-04-12 07:01:48.011 : <epoch:775, iter:  63,600, lr:1.000e-04> G_loss: 4.202e-05 
24-04-12 07:04:35.410 : <epoch:778, iter:  63,800, lr:1.000e-04> G_loss: 1.202e-05 
24-04-12 07:07:22.722 : <epoch:780, iter:  64,000, lr:1.000e-04> G_loss: 2.164e-05 
24-04-12 07:10:08.655 : <epoch:782, iter:  64,200, lr:1.000e-04> G_loss: 3.522e-05 
24-04-12 07:12:55.562 : <epoch:785, iter:  64,400, lr:1.000e-04> G_loss: 3.630e-05 
24-04-12 07:15:41.525 : <epoch:787, iter:  64,600, lr:1.000e-04> G_loss: 3.163e-05 
24-04-12 07:18:27.107 : <epoch:790, iter:  64,800, lr:1.000e-04> G_loss: 2.016e-05 
24-04-12 07:21:16.014 : <epoch:792, iter:  65,000, lr:1.000e-04> G_loss: 1.021e-05 
24-04-12 07:21:16.014 : Saving the model.
24-04-12 07:21:16.481 : ---1--> Lego Knights.h5 | 65.12dB
24-04-12 07:21:16.649 : ---2--> Tarot Cards S.h5 | 59.61dB
24-04-12 07:21:16.662 : <epoch:792, iter:  65,000, Average PSNR : 62.37dB

24-04-12 07:24:03.269 : <epoch:795, iter:  65,200, lr:1.000e-04> G_loss: 2.560e-05 
24-04-12 07:26:49.985 : <epoch:797, iter:  65,400, lr:1.000e-04> G_loss: 2.719e-05 
24-04-12 07:29:38.237 : <epoch:799, iter:  65,600, lr:1.000e-04> G_loss: 8.730e-06 
24-04-12 07:32:24.739 : <epoch:802, iter:  65,800, lr:1.000e-04> G_loss: 3.147e-05 
24-04-12 07:35:10.525 : <epoch:804, iter:  66,000, lr:1.000e-04> G_loss: 4.327e-05 
24-04-12 07:37:57.361 : <epoch:807, iter:  66,200, lr:1.000e-04> G_loss: 1.111e-05 
24-04-12 07:40:45.050 : <epoch:809, iter:  66,400, lr:1.000e-04> G_loss: 1.833e-05 
24-04-12 07:43:33.312 : <epoch:812, iter:  66,600, lr:1.000e-04> G_loss: 3.880e-05 
24-04-12 07:46:21.271 : <epoch:814, iter:  66,800, lr:1.000e-04> G_loss: 1.255e-05 
24-04-12 07:49:08.641 : <epoch:817, iter:  67,000, lr:1.000e-04> G_loss: 7.744e-06 
24-04-12 07:51:55.950 : <epoch:819, iter:  67,200, lr:1.000e-04> G_loss: 2.919e-05 
24-04-12 07:54:44.866 : <epoch:821, iter:  67,400, lr:1.000e-04> G_loss: 2.433e-05 
24-04-12 07:57:32.925 : <epoch:824, iter:  67,600, lr:1.000e-04> G_loss: 8.692e-06 
